Resolving dependencies...
Downloading packages...
  characters 1.4.0 (1.4.1 available)
  flutter_launcher_icons 0.13.1 (0.14.4 available)
  google_mobile_ads 5.3.1 (7.0.0 available)
  matcher 0.12.17 (0.12.18 available)
  material_color_utilities 0.11.1 (0.13.0 available)
  meta 1.17.0 (1.18.1 available)
  test_api 0.7.7 (0.7.9 available)
Got dependencies!
7 packages have newer versions incompatible with dependency constraints.
Try `flutter pub outdated` for more information.
Running Gradle task 'assembleRelease'...                        
lib/services/auth_service.dart:7:38: Error: Couldn't find constructor 'GoogleSignIn'.
  final GoogleSignIn _googleSignIn = GoogleSignIn();
                                     ^^^^^^^^^^^^
lib/services/auth_service.dart:66:67: Error: The method 'signIn' isn't defined for the type 'GoogleSignIn'.
 - 'GoogleSignIn' is from 'package:google_sign_in/google_sign_in.dart' ('/C:/Users/vikra/AppData/Local/Pub/Cache/hosted/pub.dev/google_sign_in-7.2.0/lib/google_sign_in.dart').
Try correcting the name to the name of an existing method, or defining a method named 'signIn'.
      final GoogleSignInAccount? googleUser = await _googleSignIn.signIn();
                                                                  ^^^^^^
Target kernel_snapshot_program failed: Exception


FAILURE: Build failed with an exception.

* What went wrong:
Execution failed for task ':app:compileFlutterBuildRelease'.
> Process 'command 'C:\Users\vikra\Documents\flutter_windows_3.35.4-stable\flutter\bin\flutter.bat'' finished with non-zero exit value 1

* Try:
> Run with --stacktrace option to get the stack trace.
> Run with --info or --debug option to get more log output.
> Run with --scan to get full insights.
> Get more help at https://help.gradle.org.

BUILD FAILED in 28s
Running Gradle task 'assembleRelease'...                           28.7s
Gradle task assembleRelease failed with exit code 1
